[30/Jul/2025 12:23:47] "GET / HTTP/1.1" 200 3785
[30/Jul/2025 12:23:48] "GET /static/css/style.css HTTP/1.1" 200 692
[30/Jul/2025 12:23:48] "GET /carousel-image/carousel_amsterdam.jpg/?v=2 HTTP/1.1" 404 179
[30/Jul/2025 12:23:48] "GET /carousel-image/carousel_marrakech.jpg/?v=2 HTTP/1.1" 404 179
[30/Jul/2025 12:23:48] "GET /carousel-image/carousel_newyork.jpg/?v=2 HTTP/1.1" 404 179
[30/Jul/2025 12:23:48] "GET /carousel-image/carousel_paris.jpg/?v=2 HTTP/1.1" 404 179
[30/Jul/2025 12:23:48] "GET /carousel-image/carousel_tokyo.jpg/?v=2 HTTP/1.1" 404 179
[30/Jul/2025 12:23:48] "GET /carousel-image/carousel_mogadishu.jpg/?v=2 HTTP/1.1" 404 179
[30/Jul/2025 12:23:48] "GET /favicon.ico HTTP/1.1" 404 179
[30/Jul/2025 12:24:06] "GET / HTTP/1.1" 200 3785
[30/Jul/2025 12:24:07] "GET /carousel-image/carousel_amsterdam.jpg/?v=2 HTTP/1.1" 404 179
[30/Jul/2025 12:24:07] "GET /carousel-image/carousel_marrakech.jpg/?v=2 HTTP/1.1" 404 179
[30/Jul/2025 12:24:07] "GET /carousel-image/carousel_mogadishu.jpg/?v=2 HTTP/1.1" 404 179
[30/Jul/2025 12:24:07] "GET /carousel-image/carousel_newyork.jpg/?v=2 HTTP/1.1" 404 179
[30/Jul/2025 12:24:07] "GET /carousel-image/carousel_paris.jpg/?v=2 HTTP/1.1" 404 179
[30/Jul/2025 12:24:07] "GET /carousel-image/carousel_tokyo.jpg/?v=2 HTTP/1.1" 404 179
[30/Jul/2025 12:24:08] "GET / HTTP/1.1" 200 3785
[30/Jul/2025 12:24:08] "GET /carousel-image/carousel_amsterdam.jpg/?v=2 HTTP/1.1" 404 179
[30/Jul/2025 12:24:08] "GET /carousel-image/carousel_marrakech.jpg/?v=2 HTTP/1.1" 404 179
[30/Jul/2025 12:24:08] "GET /carousel-image/carousel_mogadishu.jpg/?v=2 HTTP/1.1" 404 179
[30/Jul/2025 12:24:08] "GET /carousel-image/carousel_newyork.jpg/?v=2 HTTP/1.1" 404 179
[30/Jul/2025 12:24:08] "GET /carousel-image/carousel_paris.jpg/?v=2 HTTP/1.1" 404 179
[30/Jul/2025 12:24:08] "GET /carousel-image/carousel_tokyo.jpg/?v=2 HTTP/1.1" 404 179
[30/Jul/2025 12:27:08] "GET /static/css/style.css HTTP/1.1" 304 0
